#
# There is insufficient memory for the Java Runtime Environment to continue.
# Native memory allocation (malloc) failed to allocate 32744 bytes for ChunkPool::allocate
# Possible reasons:
#   The system is out of physical RAM or swap space
#   The process is running with CompressedOops enabled, and the Java Heap may be blocking the growth of the native heap
# Possible solutions:
#   Reduce memory load on the system
#   Increase physical memory or swap space
#   Check if swap backing store is full
#   Decrease Java heap size (-Xmx/-Xms)
#   Decrease number of Java threads
#   Decrease Java thread stack sizes (-Xss)
#   Set larger code cache with -XX:ReservedCodeCacheSize=
#   JVM is running with Unscaled Compressed Oops mode in which the Java heap is
#     placed in the first 4GB address space. The Java Heap base address is the
#     maximum limit for the native heap growth. Please use -XX:HeapBaseMinAddress
#     to set the Java Heap base and to place the Java Heap above 4GB virtual address.
# This output file may be truncated or incomplete.
#
#  Out of Memory Error (arena.cpp:78), pid=9476, tid=5304
#
# JRE version: OpenJDK Runtime Environment (17.0.7) (build 17.0.7+0-b2043.56-10550314)
# Java VM: OpenJDK 64-Bit Server VM (17.0.7+0-b2043.56-10550314, mixed mode, tiered, compressed oops, compressed class ptrs, g1 gc, windows-amd64)
# No core dump will be written. Minidumps are not enabled by default on client versions of Windows
#

---------------  S U M M A R Y ------------

Command Line: git4idea.http.GitAskPassApp Username for 'https://github.com': 

Host: Intel(R) Core(TM) i3-6006U CPU @ 2.00GHz, 4 cores, 7G,  Windows 10 , 64 bit Build 19041 (10.0.19041.1503)
Time: Sat Mar  9 22:59:23 2024 India Standard Time elapsed time: 0.945183 seconds (0d 0h 0m 0s)

---------------  T H R E A D  ---------------

Current thread (0x000002607c774aa0):  JavaThread "C1 CompilerThread0" daemon [_thread_in_native, id=5304, stack(0x000000856b100000,0x000000856b200000)]


Current CompileTask:
C1:    945  621       3       sun.security.provider.ByteArrayAccess::b2iBig64 (231 bytes)

Stack: [0x000000856b100000,0x000000856b200000]
Native frames: (J=compiled Java code, j=interpreted, Vv=VM code, C=native code)
V  [jvm.dll+0x683bfa]
V  [jvm.dll+0x8430a4]
V  [jvm.dll+0x8449be]
V  [jvm.dll+0x845023]
V  [jvm.dll+0x24ad2f]
V  [jvm.dll+0xac47c]
V  [jvm.dll+0xac82c]
V  [jvm.dll+0x178193]
V  [jvm.dll+0x17825d]
V  [jvm.dll+0x17aa41]
V  [jvm.dll+0x17c561]
V  [jvm.dll+0x136cd3]
V  [jvm.dll+0x1365cf]
V  [jvm.dll+0x136806]
V  [jvm.dll+0x135c9a]
V  [jvm.dll+0x137961]
V  [jvm.dll+0x22c148]
V  [jvm.dll+0x22a209]
V  [jvm.dll+0x7f858c]
V  [jvm.dll+0x7f2aea]
V  [jvm.dll+0x682a35]
C  [ucrtbase.dll+0x21bb2]
C  [KERNEL32.DLL+0x17034]
C  [ntdll.dll+0x52651]


---------------  P R O C E S S  ---------------

Threads class SMR info:
_java_thread_list=0x000002607cba4990, length=13, elements={
0x0000026062fd86f0, 0x000002607c4f2270, 0x000002607c4f2ff0, 0x000002607c751070,
0x000002607c754950, 0x000002607c755210, 0x000002607c755ad0, 0x000002607c756390,
0x000002607c774aa0, 0x000002607c776fc0, 0x000002607c8e9f40, 0x000002607c8eced0,
0x000002607cc414a0
}

Java Threads: ( => current thread )
  0x0000026062fd86f0 JavaThread "main" [_thread_in_vm, id=5660, stack(0x000000856a300000,0x000000856a400000)]
  0x000002607c4f2270 JavaThread "Reference Handler" daemon [_thread_blocked, id=9512, stack(0x000000856aa00000,0x000000856ab00000)]
  0x000002607c4f2ff0 JavaThread "Finalizer" daemon [_thread_blocked, id=9816, stack(0x000000856ab00000,0x000000856ac00000)]
  0x000002607c751070 JavaThread "Signal Dispatcher" daemon [_thread_blocked, id=9932, stack(0x000000856ac00000,0x000000856ad00000)]
  0x000002607c754950 JavaThread "Attach Listener" daemon [_thread_blocked, id=4080, stack(0x000000856ad00000,0x000000856ae00000)]
  0x000002607c755210 JavaThread "Service Thread" daemon [_thread_blocked, id=9960, stack(0x000000856ae00000,0x000000856af00000)]
  0x000002607c755ad0 JavaThread "Monitor Deflation Thread" daemon [_thread_blocked, id=9480, stack(0x000000856af00000,0x000000856b000000)]
  0x000002607c756390 JavaThread "C2 CompilerThread0" daemon [_thread_blocked, id=9324, stack(0x000000856b000000,0x000000856b100000)]
=>0x000002607c774aa0 JavaThread "C1 CompilerThread0" daemon [_thread_in_native, id=5304, stack(0x000000856b100000,0x000000856b200000)]
  0x000002607c776fc0 JavaThread "Sweeper thread" daemon [_thread_blocked, id=10164, stack(0x000000856b200000,0x000000856b300000)]
  0x000002607c8e9f40 JavaThread "Notification Thread" daemon [_thread_blocked, id=9248, stack(0x000000856b300000,0x000000856b400000)]
  0x000002607c8eced0 JavaThread "Common-Cleaner" daemon [_thread_blocked, id=8004, stack(0x000000856b500000,0x000000856b600000)]
  0x000002607cc414a0 JavaThread "HttpClient-1-SelectorManager" daemon [_thread_in_native, id=1860, stack(0x000000856b600000,0x000000856b700000)]

Other Threads:
  0x000002607c4cbd20 VMThread "VM Thread" [stack: 0x000000856a900000,0x000000856aa00000] [id=9284]
  0x000002607c8ea820 WatcherThread [stack: 0x000000856b400000,0x000000856b500000] [id=440]
  0x0000026063034860 GCTaskThread "GC Thread#0" [stack: 0x000000856a400000,0x000000856a500000] [id=1432]
  0x0000026063046300 ConcurrentGCThread "G1 Main Marker" [stack: 0x000000856a500000,0x000000856a600000] [id=2684]
  0x00000260630473c0 ConcurrentGCThread "G1 Conc#0" [stack: 0x000000856a600000,0x000000856a700000] [id=8376]
  0x00000260630ae2a0 ConcurrentGCThread "G1 Refine#0" [stack: 0x000000856a700000,0x000000856a800000] [id=7928]
  0x00000260630aebd0 ConcurrentGCThread "G1 Service" [stack: 0x000000856a800000,0x000000856a900000] [id=8484]

Threads with active compile tasks:
C1 CompilerThread0     1087  621       3       sun.security.provider.ByteArrayAccess::b2iBig64 (231 bytes)

VM state: not at safepoint (normal execution)

VM Mutex/Monitor currently owned by a thread: None

Heap address: 0x0000000081e00000, size: 2018 MB, Compressed Oops mode: 32-bit

CDS archive(s) not mapped
Compressed class space mapped at: 0x0000000100000000-0x0000000140000000, reserved size: 1073741824
Narrow klass base: 0x0000000000000000, Narrow klass shift: 3, Narrow klass range: 0x140000000

GC Precious Log:
 CPUs: 4 total, 4 available
 Memory: 8066M
 Large Page Support: Disabled
 NUMA Support: Disabled
 Compressed Oops: Enabled (32-bit)
 Heap Region Size: 1M
 Heap Min Capacity: 8M
 Heap Initial Capacity: 128M
 Heap Max Capacity: 2018M
 Pre-touch: Disabled
 Parallel Workers: 4
 Concurrent Workers: 1
 Concurrent Refinement Workers: 4
 Periodic GC: Disabled

Heap:
 garbage-first heap   total 131072K, used 6144K [0x0000000081e00000, 0x0000000100000000)
  region size 1024K, 7 young (7168K), 0 survivors (0K)
 Metaspace       used 12723K, committed 12800K, reserved 1114112K
  class space    used 1250K, committed 1280K, reserved 1048576K

Heap Regions: E=young(eden), S=young(survivor), O=old, HS=humongous(starts), HC=humongous(continues), CS=collection set, F=free, OA=open archive, CA=closed archive, TAMS=top-at-mark-start (previous, next)
|   0|0x0000000081e00000, 0x0000000081e00000, 0x0000000081f00000|  0%| F|  |TAMS 0x0000000081e00000, 0x0000000081e00000| Untracked 
|   1|0x0000000081f00000, 0x0000000081f00000, 0x0000000082000000|  0%| F|  |TAMS 0x0000000081f00000, 0x0000000081f00000| Untracked 
|   2|0x0000000082000000, 0x0000000082000000, 0x0000000082100000|  0%| F|  |TAMS 0x0000000082000000, 0x0000000082000000| Untracked 
|   3|0x0000000082100000, 0x0000000082100000, 0x0000000082200000|  0%| F|  |TAMS 0x0000000082100000, 0x0000000082100000| Untracked 
|   4|0x0000000082200000, 0x0000000082200000, 0x0000000082300000|  0%| F|  |TAMS 0x0000000082200000, 0x0000000082200000| Untracked 
|   5|0x0000000082300000, 0x0000000082300000, 0x0000000082400000|  0%| F|  |TAMS 0x0000000082300000, 0x0000000082300000| Untracked 
|   6|0x0000000082400000, 0x0000000082400000, 0x0000000082500000|  0%| F|  |TAMS 0x0000000082400000, 0x0000000082400000| Untracked 
|   7|0x0000000082500000, 0x0000000082500000, 0x0000000082600000|  0%| F|  |TAMS 0x0000000082500000, 0x0000000082500000| Untracked 
|   8|0x0000000082600000, 0x0000000082600000, 0x0000000082700000|  0%| F|  |TAMS 0x0000000082600000, 0x0000000082600000| Untracked 
|   9|0x0000000082700000, 0x0000000082700000, 0x0000000082800000|  0%| F|  |TAMS 0x0000000082700000, 0x0000000082700000| Untracked 
|  10|0x0000000082800000, 0x0000000082800000, 0x0000000082900000|  0%| F|  |TAMS 0x0000000082800000, 0x0000000082800000| Untracked 
|  11|0x0000000082900000, 0x0000000082900000, 0x0000000082a00000|  0%| F|  |TAMS 0x0000000082900000, 0x0000000082900000| Untracked 
|  12|0x0000000082a00000, 0x0000000082a00000, 0x0000000082b00000|  0%| F|  |TAMS 0x0000000082a00000, 0x0000000082a00000| Untracked 
|  13|0x0000000082b00000, 0x0000000082b00000, 0x0000000082c00000|  0%| F|  |TAMS 0x0000000082b00000, 0x0000000082b00000| Untracked 
|  14|0x0000000082c00000, 0x0000000082c00000, 0x0000000082d00000|  0%| F|  |TAMS 0x0000000082c00000, 0x0000000082c00000| Untracked 
|  15|0x0000000082d00000, 0x0000000082d00000, 0x0000000082e00000|  0%| F|  |TAMS 0x0000000082d00000, 0x0000000082d00000| Untracked 
|  16|0x0000000082e00000, 0x0000000082e00000, 0x0000000082f00000|  0%| F|  |TAMS 0x0000000082e00000, 0x0000000082e00000| Untracked 
|  17|0x0000000082f00000, 0x0000000082f00000, 0x0000000083000000|  0%| F|  |TAMS 0x0000000082f00000, 0x0000000082f00000| Untracked 
|  18|0x0000000083000000, 0x0000000083000000, 0x0000000083100000|  0%| F|  |TAMS 0x0000000083000000, 0x0000000083000000| Untracked 
|  19|0x0000000083100000, 0x0000000083100000, 0x0000000083200000|  0%| F|  |TAMS 0x0000000083100000, 0x0000000083100000| Untracked 
|  20|0x0000000083200000, 0x0000000083200000, 0x0000000083300000|  0%| F|  |TAMS 0x0000000083200000, 0x0000000083200000| Untracked 
|  21|0x0000000083300000, 0x0000000083300000, 0x0000000083400000|  0%| F|  |TAMS 0x0000000083300000, 0x0000000083300000| Untracked 
|  22|0x0000000083400000, 0x0000000083400000, 0x0000000083500000|  0%| F|  |TAMS 0x0000000083400000, 0x0000000083400000| Untracked 
|  23|0x0000000083500000, 0x0000000083500000, 0x0000000083600000|  0%| F|  |TAMS 0x0000000083500000, 0x0000000083500000| Untracked 
|  24|0x0000000083600000, 0x0000000083600000, 0x0000000083700000|  0%| F|  |TAMS 0x0000000083600000, 0x0000000083600000| Untracked 
|  25|0x0000000083700000, 0x0000000083700000, 0x0000000083800000|  0%| F|  |TAMS 0x0000000083700000, 0x0000000083700000| Untracked 
|  26|0x0000000083800000, 0x0000000083800000, 0x0000000083900000|  0%| F|  |TAMS 0x0000000083800000, 0x0000000083800000| Untracked 
|  27|0x0000000083900000, 0x0000000083900000, 0x0000000083a00000|  0%| F|  |TAMS 0x0000000083900000, 0x0000000083900000| Untracked 
|  28|0x0000000083a00000, 0x0000000083a00000, 0x0000000083b00000|  0%| F|  |TAMS 0x0000000083a00000, 0x0000000083a00000| Untracked 
|  29|0x0000000083b00000, 0x0000000083b00000, 0x0000000083c00000|  0%| F|  |TAMS 0x0000000083b00000, 0x0000000083b00000| Untracked 
|  30|0x0000000083c00000, 0x0000000083c00000, 0x0000000083d00000|  0%| F|  |TAMS 0x0000000083c00000, 0x0000000083c00000| Untracked 
|  31|0x0000000083d00000, 0x0000000083d00000, 0x0000000083e00000|  0%| F|  |TAMS 0x0000000083d00000, 0x0000000083d00000| Untracked 
|  32|0x0000000083e00000, 0x0000000083e00000, 0x0000000083f00000|  0%| F|  |TAMS 0x0000000083e00000, 0x0000000083e00000| Untracked 
|  33|0x0000000083f00000, 0x0000000083f00000, 0x0000000084000000|  0%| F|  |TAMS 0x0000000083f00000, 0x0000000083f00000| Untracked 
|  34|0x0000000084000000, 0x0000000084000000, 0x0000000084100000|  0%| F|  |TAMS 0x0000000084000000, 0x0000000084000000| Untracked 
|  35|0x0000000084100000, 0x0000000084100000, 0x0000000084200000|  0%| F|  |TAMS 0x0000000084100000, 0x0000000084100000| Untracked 
|  36|0x0000000084200000, 0x0000000084200000, 0x0000000084300000|  0%| F|  |TAMS 0x0000000084200000, 0x0000000084200000| Untracked 
|  37|0x0000000084300000, 0x0000000084300000, 0x0000000084400000|  0%| F|  |TAMS 0x0000000084300000, 0x0000000084300000| Untracked 
|  38|0x0000000084400000, 0x0000000084400000, 0x0000000084500000|  0%| F|  |TAMS 0x0000000084400000, 0x0000000084400000| Untracked 
|  39|0x0000000084500000, 0x0000000084500000, 0x0000000084600000|  0%| F|  |TAMS 0x0000000084500000, 0x0000000084500000| Untracked 
|  40|0x0000000084600000, 0x0000000084600000, 0x0000000084700000|  0%| F|  |TAMS 0x0000000084600000, 0x0000000084600000| Untracked 
|  41|0x0000000084700000, 0x0000000084700000, 0x0000000084800000|  0%| F|  |TAMS 0x0000000084700000, 0x0000000084700000| Untracked 
|  42|0x0000000084800000, 0x0000000084800000, 0x0000000084900000|  0%| F|  |TAMS 0x0000000084800000, 0x0000000084800000| Untracked 
|  43|0x0000000084900000, 0x0000000084900000, 0x0000000084a00000|  0%| F|  |TAMS 0x0000000084900000, 0x0000000084900000| Untracked 
|  44|0x0000000084a00000, 0x0000000084a00000, 0x0000000084b00000|  0%| F|  |TAMS 0x0000000084a00000, 0x0000000084a00000| Untracked 
|  45|0x0000000084b00000, 0x0000000084b00000, 0x0000000084c00000|  0%| F|  |TAMS 0x0000000084b00000, 0x0000000084b00000| Untracked 
|  46|0x0000000084c00000, 0x0000000084c00000, 0x0000000084d00000|  0%| F|  |TAMS 0x0000000084c00000, 0x0000000084c00000| Untracked 
|  47|0x0000000084d00000, 0x0000000084d00000, 0x0000000084e00000|  0%| F|  |TAMS 0x0000000084d00000, 0x0000000084d00000| Untracked 
|  48|0x0000000084e00000, 0x0000000084e00000, 0x0000000084f00000|  0%| F|  |TAMS 0x0000000084e00000, 0x0000000084e00000| Untracked 
|  49|0x0000000084f00000, 0x0000000084f00000, 0x0000000085000000|  0%| F|  |TAMS 0x0000000084f00000, 0x0000000084f00000| Untracked 
|  50|0x0000000085000000, 0x0000000085000000, 0x0000000085100000|  0%| F|  |TAMS 0x0000000085000000, 0x0000000085000000| Untracked 
|  51|0x0000000085100000, 0x0000000085100000, 0x0000000085200000|  0%| F|  |TAMS 0x0000000085100000, 0x0000000085100000| Untracked 
|  52|0x0000000085200000, 0x0000000085200000, 0x0000000085300000|  0%| F|  |TAMS 0x0000000085200000, 0x0000000085200000| Untracked 
|  53|0x0000000085300000, 0x0000000085300000, 0x0000000085400000|  0%| F|  |TAMS 0x0000000085300000, 0x0000000085300000| Untracked 
|  54|0x0000000085400000, 0x0000000085400000, 0x0000000085500000|  0%| F|  |TAMS 0x0000000085400000, 0x0000000085400000| Untracked 
|  55|0x0000000085500000, 0x0000000085500000, 0x0000000085600000|  0%| F|  |TAMS 0x0000000085500000, 0x0000000085500000| Untracked 
|  56|0x0000000085600000, 0x0000000085600000, 0x0000000085700000|  0%| F|  |TAMS 0x0000000085600000, 0x0000000085600000| Untracked 
|  57|0x0000000085700000, 0x0000000085700000, 0x0000000085800000|  0%| F|  |TAMS 0x0000000085700000, 0x0000000085700000| Untracked 
|  58|0x0000000085800000, 0x0000000085800000, 0x0000000085900000|  0%| F|  |TAMS 0x0000000085800000, 0x0000000085800000| Untracked 
|  59|0x0000000085900000, 0x0000000085900000, 0x0000000085a00000|  0%| F|  |TAMS 0x0000000085900000, 0x0000000085900000| Untracked 
|  60|0x0000000085a00000, 0x0000000085a00000, 0x0000000085b00000|  0%| F|  |TAMS 0x0000000085a00000, 0x0000000085a00000| Untracked 
|  61|0x0000000085b00000, 0x0000000085b00000, 0x0000000085c00000|  0%| F|  |TAMS 0x0000000085b00000, 0x0000000085b00000| Untracked 
|  62|0x0000000085c00000, 0x0000000085c00000, 0x0000000085d00000|  0%| F|  |TAMS 0x0000000085c00000, 0x0000000085c00000| Untracked 
|  63|0x0000000085d00000, 0x0000000085d00000, 0x0000000085e00000|  0%| F|  |TAMS 0x0000000085d00000, 0x0000000085d00000| Untracked 
|  64|0x0000000085e00000, 0x0000000085e00000, 0x0000000085f00000|  0%| F|  |TAMS 0x0000000085e00000, 0x0000000085e00000| Untracked 
|  65|0x0000000085f00000, 0x0000000085f00000, 0x0000000086000000|  0%| F|  |TAMS 0x0000000085f00000, 0x0000000085f00000| Untracked 
|  66|0x0000000086000000, 0x0000000086000000, 0x0000000086100000|  0%| F|  |TAMS 0x0000000086000000, 0x0000000086000000| Untracked 
|  67|0x0000000086100000, 0x0000000086100000, 0x0000000086200000|  0%| F|  |TAMS 0x0000000086100000, 0x0000000086100000| Untracked 
|  68|0x0000000086200000, 0x0000000086200000, 0x0000000086300000|  0%| F|  |TAMS 0x0000000086200000, 0x0000000086200000| Untracked 
|  69|0x0000000086300000, 0x0000000086300000, 0x0000000086400000|  0%| F|  |TAMS 0x0000000086300000, 0x0000000086300000| Untracked 
|  70|0x0000000086400000, 0x0000000086400000, 0x0000000086500000|  0%| F|  |TAMS 0x0000000086400000, 0x0000000086400000| Untracked 
|  71|0x0000000086500000, 0x0000000086500000, 0x0000000086600000|  0%| F|  |TAMS 0x0000000086500000, 0x0000000086500000| Untracked 
|  72|0x0000000086600000, 0x0000000086600000, 0x0000000086700000|  0%| F|  |TAMS 0x0000000086600000, 0x0000000086600000| Untracked 
|  73|0x0000000086700000, 0x0000000086700000, 0x0000000086800000|  0%| F|  |TAMS 0x0000000086700000, 0x0000000086700000| Untracked 
|  74|0x0000000086800000, 0x0000000086800000, 0x0000000086900000|  0%| F|  |TAMS 0x0000000086800000, 0x0000000086800000| Untracked 
|  75|0x0000000086900000, 0x0000000086900000, 0x0000000086a00000|  0%| F|  |TAMS 0x0000000086900000, 0x0000000086900000| Untracked 
|  76|0x0000000086a00000, 0x0000000086a00000, 0x0000000086b00000|  0%| F|  |TAMS 0x0000000086a00000, 0x0000000086a00000| Untracked 
|  77|0x0000000086b00000, 0x0000000086b00000, 0x0000000086c00000|  0%| F|  |TAMS 0x0000000086b00000, 0x0000000086b00000| Untracked 
|  78|0x0000000086c00000, 0x0000000086c00000, 0x0000000086d00000|  0%| F|  |TAMS 0x0000000086c00000, 0x0000000086c00000| Untracked 
|  79|0x0000000086d00000, 0x0000000086d00000, 0x0000000086e00000|  0%| F|  |TAMS 0x0000000086d00000, 0x0000000086d00000| Untracked 
|  80|0x0000000086e00000, 0x0000000086e00000, 0x0000000086f00000|  0%| F|  |TAMS 0x0000000086e00000, 0x0000000086e00000| Untracked 
|  81|0x0000000086f00000, 0x0000000086f00000, 0x0000000087000000|  0%| F|  |TAMS 0x0000000086f00000, 0x0000000086f00000| Untracked 
|  82|0x0000000087000000, 0x0000000087000000, 0x0000000087100000|  0%| F|  |TAMS 0x0000000087000000, 0x0000000087000000| Untracked 
|  83|0x0000000087100000, 0x0000000087100000, 0x0000000087200000|  0%| F|  |TAMS 0x0000000087100000, 0x0000000087100000| Untracked 
|  84|0x0000000087200000, 0x0000000087200000, 0x0000000087300000|  0%| F|  |TAMS 0x0000000087200000, 0x0000000087200000| Untracked 
|  85|0x0000000087300000, 0x0000000087300000, 0x0000000087400000|  0%| F|  |TAMS 0x0000000087300000, 0x0000000087300000| Untracked 
|  86|0x0000000087400000, 0x0000000087400000, 0x0000000087500000|  0%| F|  |TAMS 0x0000000087400000, 0x0000000087400000| Untracked 
|  87|0x0000000087500000, 0x0000000087500000, 0x0000000087600000|  0%| F|  |TAMS 0x0000000087500000, 0x0000000087500000| Untracked 
|  88|0x0000000087600000, 0x0000000087600000, 0x0000000087700000|  0%| F|  |TAMS 0x0000000087600000, 0x0000000087600000| Untracked 
|  89|0x0000000087700000, 0x0000000087700000, 0x0000000087800000|  0%| F|  |TAMS 0x0000000087700000, 0x0000000087700000| Untracked 
|  90|0x0000000087800000, 0x0000000087800000, 0x0000000087900000|  0%| F|  |TAMS 0x0000000087800000, 0x0000000087800000| Untracked 
|  91|0x0000000087900000, 0x0000000087900000, 0x0000000087a00000|  0%| F|  |TAMS 0x0000000087900000, 0x0000000087900000| Untracked 
|  92|0x0000000087a00000, 0x0000000087a00000, 0x0000000087b00000|  0%| F|  |TAMS 0x0000000087a00000, 0x0000000087a00000| Untracked 
|  93|0x0000000087b00000, 0x0000000087b00000, 0x0000000087c00000|  0%| F|  |TAMS 0x0000000087b00000, 0x0000000087b00000| Untracked 
|  94|0x0000000087c00000, 0x0000000087c00000, 0x0000000087d00000|  0%| F|  |TAMS 0x0000000087c00000, 0x0000000087c00000| Untracked 
|  95|0x0000000087d00000, 0x0000000087d00000, 0x0000000087e00000|  0%| F|  |TAMS 0x0000000087d00000, 0x0000000087d00000| Untracked 
|  96|0x0000000087e00000, 0x0000000087e00000, 0x0000000087f00000|  0%| F|  |TAMS 0x0000000087e00000, 0x0000000087e00000| Untracked 
|  97|0x0000000087f00000, 0x0000000087f00000, 0x0000000088000000|  0%| F|  |TAMS 0x0000000087f00000, 0x0000000087f00000| Untracked 
|  98|0x0000000088000000, 0x0000000088000000, 0x0000000088100000|  0%| F|  |TAMS 0x0000000088000000, 0x0000000088000000| Untracked 
|  99|0x0000000088100000, 0x0000000088100000, 0x0000000088200000|  0%| F|  |TAMS 0x0000000088100000, 0x0000000088100000| Untracked 
| 100|0x0000000088200000, 0x0000000088200000, 0x0000000088300000|  0%| F|  |TAMS 0x0000000088200000, 0x0000000088200000| Untracked 
| 101|0x0000000088300000, 0x0000000088300000, 0x0000000088400000|  0%| F|  |TAMS 0x0000000088300000, 0x0000000088300000| Untracked 
| 102|0x0000000088400000, 0x0000000088400000, 0x0000000088500000|  0%| F|  |TAMS 0x0000000088400000, 0x0000000088400000| Untracked 
| 103|0x0000000088500000, 0x0000000088500000, 0x0000000088600000|  0%| F|  |TAMS 0x0000000088500000, 0x0000000088500000| Untracked 
| 104|0x0000000088600000, 0x0000000088600000, 0x0000000088700000|  0%| F|  |TAMS 0x0000000088600000, 0x0000000088600000| Untracked 
| 105|0x0000000088700000, 0x0000000088700000, 0x0000000088800000|  0%| F|  |TAMS 0x0000000088700000, 0x0000000088700000| Untracked 
| 106|0x0000000088800000, 0x0000000088800000, 0x0000000088900000|  0%| F|  |TAMS 0x0000000088800000, 0x0000000088800000| Untracked 
| 107|0x0000000088900000, 0x0000000088900000, 0x0000000088a00000|  0%| F|  |TAMS 0x0000000088900000, 0x0000000088900000| Untracked 
| 108|0x0000000088a00000, 0x0000000088a00000, 0x0000000088b00000|  0%| F|  |TAMS 0x0000000088a00000, 0x0000000088a00000| Untracked 
| 109|0x0000000088b00000, 0x0000000088b00000, 0x0000000088c00000|  0%| F|  |TAMS 0x0000000088b00000, 0x0000000088b00000| Untracked 
| 110|0x0000000088c00000, 0x0000000088c00000, 0x0000000088d00000|  0%| F|  |TAMS 0x0000000088c00000, 0x0000000088c00000| Untracked 
| 111|0x0000000088d00000, 0x0000000088d00000, 0x0000000088e00000|  0%| F|  |TAMS 0x0000000088d00000, 0x0000000088d00000| Untracked 
| 112|0x0000000088e00000, 0x0000000088e00000, 0x0000000088f00000|  0%| F|  |TAMS 0x0000000088e00000, 0x0000000088e00000| Untracked 
| 113|0x0000000088f00000, 0x0000000088f00000, 0x0000000089000000|  0%| F|  |TAMS 0x0000000088f00000, 0x0000000088f00000| Untracked 
| 114|0x0000000089000000, 0x0000000089000000, 0x0000000089100000|  0%| F|  |TAMS 0x0000000089000000, 0x0000000089000000| Untracked 
| 115|0x0000000089100000, 0x0000000089100000, 0x0000000089200000|  0%| F|  |TAMS 0x0000000089100000, 0x0000000089100000| Untracked 
| 116|0x0000000089200000, 0x0000000089200000, 0x0000000089300000|  0%| F|  |TAMS 0x0000000089200000, 0x0000000089200000| Untracked 
| 117|0x0000000089300000, 0x0000000089300000, 0x0000000089400000|  0%| F|  |TAMS 0x0000000089300000, 0x0000000089300000| Untracked 
| 118|0x0000000089400000, 0x0000000089400000, 0x0000000089500000|  0%| F|  |TAMS 0x0000000089400000, 0x0000000089400000| Untracked 
| 119|0x0000000089500000, 0x0000000089500000, 0x0000000089600000|  0%| F|  |TAMS 0x0000000089500000, 0x0000000089500000| Untracked 
| 120|0x0000000089600000, 0x0000000089600000, 0x0000000089700000|  0%| F|  |TAMS 0x0000000089600000, 0x0000000089600000| Untracked 
| 121|0x0000000089700000, 0x0000000089800000, 0x0000000089800000|100%| E|  |TAMS 0x0000000089700000, 0x0000000089700000| Complete 
| 122|0x0000000089800000, 0x0000000089900000, 0x0000000089900000|100%| E|CS|TAMS 0x0000000089800000, 0x0000000089800000| Complete 
| 123|0x0000000089900000, 0x0000000089a00000, 0x0000000089a00000|100%| E|CS|TAMS 0x0000000089900000, 0x0000000089900000| Complete 
| 124|0x0000000089a00000, 0x0000000089b00000, 0x0000000089b00000|100%| E|CS|TAMS 0x0000000089a00000, 0x0000000089a00000| Complete 
| 125|0x0000000089b00000, 0x0000000089c00000, 0x0000000089c00000|100%| E|CS|TAMS 0x0000000089b00000, 0x0000000089b00000| Complete 
| 126|0x0000000089c00000, 0x0000000089d00000, 0x0000000089d00000|100%| E|CS|TAMS 0x0000000089c00000, 0x0000000089c00000| Complete 
| 127|0x0000000089d00000, 0x0000000089e00000, 0x0000000089e00000|100%| E|CS|TAMS 0x0000000089d00000, 0x0000000089d00000| Complete 

Card table byte_map: [0x00000260758c0000,0x0000026075cc0000] _byte_map_base: 0x00000260754b1000

Marking Bits (Prev, Next): (CMBitMap*) 0x0000026063035d90, (CMBitMap*) 0x0000026063035dd0
 Prev Bits: [0x00000260760c0000, 0x0000026078048000)
 Next Bits: [0x0000026078050000, 0x0000026079fd8000)

Polling page: 0x0000026060e80000

Metaspace:

Usage:
  Non-class:     11.20 MB used.
      Class:      1.22 MB used.
       Both:     12.42 MB used.

Virtual space:
  Non-class space:       64.00 MB reserved,      11.25 MB ( 18%) committed,  1 nodes.
      Class space:        1.00 GB reserved,       1.25 MB ( <1%) committed,  1 nodes.
             Both:        1.06 GB reserved,      12.50 MB (  1%) committed. 

Chunk freelists:
   Non-Class:  4.75 MB
       Class:  14.69 MB
        Both:  19.44 MB

MaxMetaspaceSize: unlimited
CompressedClassSpaceSize: 1.00 GB
Initial GC threshold: 21.00 MB
Current GC threshold: 21.00 MB
CDS: off
MetaspaceReclaimPolicy: balanced
 - commit_granule_bytes: 65536.
 - commit_granule_words: 8192.
 - virtual_space_node_default_size: 8388608.
 - enlarge_chunks_in_place: 1.
 - new_chunks_are_fully_committed: 0.
 - uncommit_free_chunks: 1.
 - use_allocation_guard: 0.
 - handle_deallocations: 1.


Internal statistics:

num_allocs_failed_limit: 0.
num_arena_births: 58.
num_arena_deaths: 0.
num_vsnodes_births: 2.
num_vsnodes_deaths: 0.
num_space_committed: 200.
num_space_uncommitted: 0.
num_chunks_returned_to_freelist: 0.
num_chunks_taken_from_freelist: 130.
num_chunk_merges: 0.
num_chunk_splits: 71.
num_chunks_enlarged: 42.
num_inconsistent_stats: 0.

CodeHeap 'non-profiled nmethods': size=120000Kb used=183Kb max_used=183Kb free=119817Kb
 bounds [0x000002606df90000, 0x000002606e200000, 0x00000260754c0000]
CodeHeap 'profiled nmethods': size=120000Kb used=916Kb max_used=916Kb free=119083Kb
 bounds [0x00000260664c0000, 0x0000026066730000, 0x000002606d9f0000]
CodeHeap 'non-nmethods': size=5760Kb used=1165Kb max_used=1177Kb free=4594Kb
 bounds [0x000002606d9f0000, 0x000002606dc60000, 0x000002606df90000]
 total_blobs=1077 nmethods=620 adapters=370
 compilation: enabled
              stopped_count=0, restarted_count=0
 full_count=0

Compilation events (20 events):
Event: 0.902 Thread 0x000002607c774aa0 nmethod 611 0x00000260665a0010 code [0x00000260665a01a0, 0x00000260665a02e8]
Event: 0.904 Thread 0x000002607c774aa0  612       3       java.lang.StringLatin1::indexOf (36 bytes)
Event: 0.904 Thread 0x000002607c774aa0 nmethod 612 0x00000260665a0390 code [0x00000260665a0560, 0x00000260665a0868]
Event: 0.907 Thread 0x000002607c756390  613       4       java.lang.invoke.MethodType::parameterCount (6 bytes)
Event: 0.908 Thread 0x000002607c756390 nmethod 613 0x000002606dfbd910 code [0x000002606dfbda80, 0x000002606dfbdb18]
Event: 0.908 Thread 0x000002607c774aa0  614       3       jdk.internal.loader.BuiltinClassLoader::moduleReaderFor (45 bytes)
Event: 0.909 Thread 0x000002607c774aa0 nmethod 614 0x00000260665a0990 code [0x00000260665a0b80, 0x00000260665a1238]
Event: 0.909 Thread 0x000002607c774aa0  615       3       jdk.internal.jimage.BasicImageReader::getLocationIndex (52 bytes)
Event: 0.909 Thread 0x000002607c774aa0 nmethod 615 0x00000260665a1410 code [0x00000260665a1600, 0x00000260665a1a98]
Event: 0.909 Thread 0x000002607c774aa0  616       3       java.util.concurrent.ConcurrentHashMap$ValueIterator::next (34 bytes)
Event: 0.910 Thread 0x000002607c774aa0 nmethod 616 0x00000260665a1d10 code [0x00000260665a1ec0, 0x00000260665a2118]
Event: 0.912 Thread 0x000002607c774aa0  617       3       sun.invoke.util.VerifyAccess::isClassAccessible (230 bytes)
Event: 0.914 Thread 0x000002607c774aa0 nmethod 617 0x00000260665a2210 code [0x00000260665a2520, 0x00000260665a33f8]
Event: 0.915 Thread 0x000002607c774aa0  618       3       java.nio.ByteBuffer::limit (6 bytes)
Event: 0.915 Thread 0x000002607c774aa0 nmethod 618 0x00000260665a3810 code [0x00000260665a39c0, 0x00000260665a3b88]
Event: 0.923 Thread 0x000002607c774aa0  619       3       java.util.concurrent.ConcurrentHashMap$BaseIterator::hasNext (13 bytes)
Event: 0.923 Thread 0x000002607c774aa0 nmethod 619 0x00000260665a3c10 code [0x00000260665a3da0, 0x00000260665a3f18]
Event: 0.924 Thread 0x000002607c774aa0  620       3       sun.security.provider.DigestBase::engineUpdate (189 bytes)
Event: 0.925 Thread 0x000002607c774aa0 nmethod 620 0x00000260665a3f90 code [0x00000260665a4200, 0x00000260665a4eb8]
Event: 0.934 Thread 0x000002607c774aa0  621       3       sun.security.provider.ByteArrayAccess::b2iBig64 (231 bytes)

GC Heap History (0 events):
No events

Dll operation events (1 events):
Event: 0.027 Loaded shared library C:\Program Files\Android\Android Studio\jbr\bin\java.dll

Deoptimization events (12 events):
Event: 0.719 Thread 0x0000026062fd86f0 DEOPT PACKING pc=0x00000260664f2c2d sp=0x000000856a3fdc10
Event: 0.719 Thread 0x0000026062fd86f0 DEOPT UNPACKING pc=0x000002606da47143 sp=0x000000856a3fd0a8 mode 0
Event: 0.843 Thread 0x0000026062fd86f0 Uncommon trap: trap_request=0xffffff45 fr.pc=0x000002606dfa8adc relative=0x00000000000001dc
Event: 0.843 Thread 0x0000026062fd86f0 Uncommon trap: reason=unstable_if action=reinterpret pc=0x000002606dfa8adc method=java.util.HashMap.putVal(ILjava/lang/Object;Ljava/lang/Object;ZZ)Ljava/lang/Object; @ 162 c2
Event: 0.843 Thread 0x0000026062fd86f0 DEOPT PACKING pc=0x000002606dfa8adc sp=0x000000856a3fb7b0
Event: 0.843 Thread 0x0000026062fd86f0 DEOPT UNPACKING pc=0x000002606da469a3 sp=0x000000856a3fb750 mode 2
Event: 0.904 Thread 0x0000026062fd86f0 DEOPT PACKING pc=0x00000260664d78e7 sp=0x000000856a3fae00
Event: 0.904 Thread 0x0000026062fd86f0 DEOPT UNPACKING pc=0x000002606da47143 sp=0x000000856a3fa220 mode 0
Event: 0.933 Thread 0x0000026062fd86f0 Uncommon trap: trap_request=0xffffff45 fr.pc=0x000002606dfae49c relative=0x00000000000003fc
Event: 0.933 Thread 0x0000026062fd86f0 Uncommon trap: reason=unstable_if action=reinterpret pc=0x000002606dfae49c method=java.lang.StringLatin1.newString([BII)Ljava/lang/String; @ 1 c2
Event: 0.933 Thread 0x0000026062fd86f0 DEOPT PACKING pc=0x000002606dfae49c sp=0x000000856a3fe3b0
Event: 0.933 Thread 0x0000026062fd86f0 DEOPT UNPACKING pc=0x000002606da469a3 sp=0x000000856a3fe378 mode 2

Classes unloaded (0 events):
No events

Classes redefined (0 events):
No events

Internal exceptions (16 events):
Event: 0.517 Thread 0x0000026062fd86f0 Exception <a 'sun/nio/fs/WindowsException'{0x0000000089b7a778}> (0x0000000089b7a778) 
thrown [s\src\hotspot\share\prims\jni.cpp, line 517]
Event: 0.547 Thread 0x0000026062fd86f0 Exception <a 'java/lang/NoSuchMethodError'{0x0000000089ba5df0}: 'int java.lang.invoke.DirectMethodHandle$Holder.invokeStaticInit(java.lang.Object, java.lang.Object, java.lang.Object, java.lang.Object)'> (0x0000000089ba5df0) 
thrown [s\src\hotspot\share\interpreter\linkResolver.cpp, line 771]
Event: 0.551 Thread 0x0000026062fd86f0 Exception <a 'java/lang/NoSuchMethodError'{0x0000000089bb0a50}: 'java.lang.Object java.lang.invoke.DirectMethodHandle$Holder.invokeInterface(java.lang.Object, java.lang.Object)'> (0x0000000089bb0a50) 
thrown [s\src\hotspot\share\interpreter\linkResolver.cpp, line 771]
Event: 0.552 Thread 0x0000026062fd86f0 Exception <a 'java/lang/IncompatibleClassChangeError'{0x0000000089bb4370}: Found class java.lang.Object, but interface was expected> (0x0000000089bb4370) 
thrown [s\src\hotspot\share\interpreter\linkResolver.cpp, line 838]
Event: 0.553 Thread 0x0000026062fd86f0 Exception <a 'java/lang/NoSuchMethodError'{0x0000000089bb7720}: 'void java.lang.invoke.DirectMethodHandle$Holder.invokeStatic(java.lang.Object, java.lang.Object)'> (0x0000000089bb7720) 
thrown [s\src\hotspot\share\interpreter\linkResolver.cpp, line 771]
Event: 0.554 Thread 0x0000026062fd86f0 Exception <a 'java/lang/NoSuchMethodError'{0x0000000089bbb038}: 'void java.lang.invoke.DirectMethodHandle$Holder.invokeStaticInit(java.lang.Object, java.lang.Object)'> (0x0000000089bbb038) 
thrown [s\src\hotspot\share\interpreter\linkResolver.cpp, line 771]
Event: 0.557 Thread 0x0000026062fd86f0 Exception <a 'java/lang/NoSuchMethodError'{0x0000000089bc18b0}: 'int java.lang.invoke.DirectMethodHandle$Holder.invokeStaticInit(java.lang.Object, java.lang.Object)'> (0x0000000089bc18b0) 
thrown [s\src\hotspot\share\interpreter\linkResolver.cpp, line 771]
Event: 0.637 Thread 0x0000026062fd86f0 Exception <a 'java/lang/NoSuchMethodError'{0x0000000089aa9178}: 'java.lang.Object java.lang.invoke.DirectMethodHandle$Holder.invokeStaticInit(java.lang.Object, int, int, int, int)'> (0x0000000089aa9178) 
thrown [s\src\hotspot\share\interpreter\linkResolver.cpp, line 771]
Event: 0.726 Thread 0x0000026062fd86f0 Exception <a 'java/lang/NoSuchMethodError'{0x000000008991ec08}: 'java.lang.Object java.lang.invoke.DirectMethodHandle$Holder.invokeStaticInit(java.lang.Object, java.lang.Object, int, int, int, int)'> (0x000000008991ec08) 
thrown [s\src\hotspot\share\interpreter\linkResolver.cpp, line 771]
Event: 0.744 Thread 0x0000026062fd86f0 Exception <a 'java/lang/NoSuchMethodError'{0x0000000089987d38}: 'java.lang.Object java.lang.invoke.DirectMethodHandle$Holder.invokeStatic(java.lang.Object, java.lang.Object, int)'> (0x0000000089987d38) 
thrown [s\src\hotspot\share\interpreter\linkResolver.cpp, line 771]
Event: 0.745 Thread 0x0000026062fd86f0 Exception <a 'java/lang/NoSuchMethodError'{0x000000008998b4b0}: 'java.lang.Object java.lang.invoke.DirectMethodHandle$Holder.invokeStaticInit(java.lang.Object, java.lang.Object, int)'> (0x000000008998b4b0) 
thrown [s\src\hotspot\share\interpreter\linkResolver.cpp, line 771]
Event: 0.746 Thread 0x0000026062fd86f0 Exception <a 'java/lang/NoSuchMethodError'{0x0000000089991860}: 'java.lang.Object java.lang.invoke.DirectMethodHandle$Holder.newInvokeSpecial(java.lang.Object, java.lang.Object, int)'> (0x0000000089991860) 
thrown [s\src\hotspot\share\interpreter\linkResolver.cpp, line 771]
Event: 0.750 Thread 0x0000026062fd86f0 Exception <a 'java/lang/NoSuchMethodError'{0x00000000899a14c8}: 'int java.lang.invoke.DirectMethodHandle$Holder.invokeStaticInit(java.lang.Object, java.lang.Object, java.lang.Object)'> (0x00000000899a14c8) 
thrown [s\src\hotspot\share\interpreter\linkResolver.cpp, line 771]
Event: 0.753 Thread 0x0000026062fd86f0 Exception <a 'java/lang/NoSuchMethodError'{0x00000000899b16a8}: 'int java.lang.invoke.DirectMethodHandle$Holder.invokeSpecial(java.lang.Object, java.lang.Object, java.lang.Object)'> (0x00000000899b16a8) 
thrown [s\src\hotspot\share\interpreter\linkResolver.cpp, line 771]
Event: 0.755 Thread 0x0000026062fd86f0 Exception <a 'java/lang/NoSuchMethodError'{0x00000000899b9a88}: 'int java.lang.invoke.DirectMethodHandle$Holder.invokeSpecialIFC(java.lang.Object, java.lang.Object, java.lang.Object)'> (0x00000000899b9a88) 
thrown [s\src\hotspot\share\interpreter\linkResolver.cpp, line 771]
Event: 0.807 Thread 0x0000026062fd86f0 Exception <a 'java/lang/NoSuchMethodError'{0x00000000898467d8}: 'java.lang.Object java.lang.invoke.DirectMethodHandle$Holder.invokeStaticInit(java.lang.Object)'> (0x00000000898467d8) 
thrown [s\src\hotspot\share\interpreter\linkResolver.cpp, line 771]

VM Operations (8 events):
Event: 0.334 Executing VM operation: HandshakeAllThreads
Event: 0.334 Executing VM operation: HandshakeAllThreads done
Event: 0.362 Executing VM operation: HandshakeAllThreads
Event: 0.362 Executing VM operation: HandshakeAllThreads done
Event: 0.665 Executing VM operation: HandshakeAllThreads
Event: 0.665 Executing VM operation: HandshakeAllThreads done
Event: 0.812 Executing VM operation: HandshakeAllThreads
Event: 0.812 Executing VM operation: HandshakeAllThreads done

Events (20 events):
Event: 0.930 loading class java/nio/channels/SocketChannel done
Event: 0.930 loading class sun/nio/ch/SocketChannelImpl
Event: 0.932 loading class sun/nio/ch/SocketChannelImpl done
Event: 0.932 loading class java/nio/channels/spi/AbstractInterruptibleChannel$1
Event: 0.932 loading class sun/nio/ch/Interruptible
Event: 0.932 loading class sun/nio/ch/Interruptible done
Event: 0.932 loading class java/nio/channels/spi/AbstractInterruptibleChannel$1 done
Event: 0.936 loading class java/nio/BufferMismatch
Event: 0.936 loading class java/nio/BufferMismatch done
Event: 0.936 loading class sun/nio/ch/SourceChannelImpl
Event: 0.936 loading class java/nio/channels/Pipe$SourceChannel
Event: 0.936 loading class java/nio/channels/Pipe$SourceChannel done
Event: 0.936 loading class sun/nio/ch/SourceChannelImpl done
Event: 0.936 loading class sun/nio/ch/SinkChannelImpl
Event: 0.937 loading class java/nio/channels/Pipe$SinkChannel
Event: 0.937 loading class java/nio/channels/Pipe$SinkChannel done
Event: 0.937 loading class sun/nio/ch/SinkChannelImpl done
Event: 0.941 loading class java/util/LinkedList$Node
Event: 0.941 loading class java/util/LinkedList$Node done
Event: 0.942 Thread 0x000002607cc414a0 Thread added: 0x000002607cc414a0


Dynamic libraries:
0x00007ff7623b0000 - 0x00007ff7623ba000 	C:\Program Files\Android\Android Studio\jbr\bin\java.exe
0x00007ffde29d0000 - 0x00007ffde2bc5000 	C:\WINDOWS\SYSTEM32\ntdll.dll
0x00007ffde1480000 - 0x00007ffde153e000 	C:\WINDOWS\System32\KERNEL32.DLL
0x00007ffde0130000 - 0x00007ffde03f8000 	C:\WINDOWS\System32\KERNELBASE.dll
0x00007ffde0430000 - 0x00007ffde0530000 	C:\WINDOWS\System32\ucrtbase.dll
0x00007ffdbde00000 - 0x00007ffdbde17000 	C:\Program Files\Android\Android Studio\jbr\bin\jli.dll
0x00007ffdc2f70000 - 0x00007ffdc2f8b000 	C:\Program Files\Android\Android Studio\jbr\bin\VCRUNTIME140.dll
0x00007ffde23e0000 - 0x00007ffde2580000 	C:\WINDOWS\System32\USER32.dll
0x00007ffde0400000 - 0x00007ffde0422000 	C:\WINDOWS\System32\win32u.dll
0x00007ffdcd9c0000 - 0x00007ffdcdc5a000 	C:\WINDOWS\WinSxS\amd64_microsoft.windows.common-controls_6595b64144ccf1df_6.0.19041.1110_none_60b5254171f9507e\COMCTL32.dll
0x00007ffde23b0000 - 0x00007ffde23db000 	C:\WINDOWS\System32\GDI32.dll
0x00007ffde1170000 - 0x00007ffde120e000 	C:\WINDOWS\System32\msvcrt.dll
0x00007ffde05d0000 - 0x00007ffde06dd000 	C:\WINDOWS\System32\gdi32full.dll
0x00007ffde0530000 - 0x00007ffde05cd000 	C:\WINDOWS\System32\msvcp_win.dll
0x00007ffde2380000 - 0x00007ffde23b0000 	C:\WINDOWS\System32\IMM32.DLL
0x00007ffddcf80000 - 0x00007ffddcf8c000 	C:\Program Files\Android\Android Studio\jbr\bin\vcruntime140_1.dll
0x00007ffdafe40000 - 0x00007ffdafecd000 	C:\Program Files\Android\Android Studio\jbr\bin\msvcp140.dll
0x00007ffd8f7e0000 - 0x00007ffd90460000 	C:\Program Files\Android\Android Studio\jbr\bin\server\jvm.dll
0x00007ffde2580000 - 0x00007ffde262e000 	C:\WINDOWS\System32\ADVAPI32.dll
0x00007ffde1c90000 - 0x00007ffde1d2c000 	C:\WINDOWS\System32\sechost.dll
0x00007ffde2850000 - 0x00007ffde2975000 	C:\WINDOWS\System32\RPCRT4.dll
0x00007ffdcdd30000 - 0x00007ffdcdd39000 	C:\WINDOWS\SYSTEM32\WSOCK32.dll
0x00007ffdd4c90000 - 0x00007ffdd4cb7000 	C:\WINDOWS\SYSTEM32\WINMM.dll
0x00007ffde27e0000 - 0x00007ffde284b000 	C:\WINDOWS\System32\WS2_32.dll
0x00007ffdda0d0000 - 0x00007ffdda0da000 	C:\WINDOWS\SYSTEM32\VERSION.dll
0x00007ffdddf90000 - 0x00007ffdddfa2000 	C:\WINDOWS\SYSTEM32\kernel.appcore.dll
0x00007ffdd9b10000 - 0x00007ffdd9b1a000 	C:\Program Files\Android\Android Studio\jbr\bin\jimage.dll
0x00007ffdc9950000 - 0x00007ffdc9b34000 	C:\WINDOWS\SYSTEM32\DBGHELP.DLL
0x00007ffdc98f0000 - 0x00007ffdc991c000 	C:\WINDOWS\SYSTEM32\dbgcore.DLL
0x00007ffde0800000 - 0x00007ffde0882000 	C:\WINDOWS\System32\bcryptPrimitives.dll
0x00007ffdd76e0000 - 0x00007ffdd7705000 	C:\Program Files\Android\Android Studio\jbr\bin\java.dll
0x00007ffdd76c0000 - 0x00007ffdd76d8000 	C:\Program Files\Android\Android Studio\jbr\bin\zip.dll
0x00007ffde0a20000 - 0x00007ffde1164000 	C:\WINDOWS\System32\SHELL32.dll
0x00007ffdde190000 - 0x00007ffdde924000 	C:\WINDOWS\SYSTEM32\windows.storage.dll
0x00007ffde18b0000 - 0x00007ffde1c05000 	C:\WINDOWS\System32\combase.dll
0x00007ffddf980000 - 0x00007ffddf9ae000 	C:\WINDOWS\SYSTEM32\Wldp.dll
0x00007ffde1d30000 - 0x00007ffde1ddd000 	C:\WINDOWS\System32\SHCORE.dll
0x00007ffde1420000 - 0x00007ffde1475000 	C:\WINDOWS\System32\shlwapi.dll
0x00007ffde0020000 - 0x00007ffde003f000 	C:\WINDOWS\SYSTEM32\profapi.dll
0x00007ffdd70b0000 - 0x00007ffdd70c9000 	C:\Program Files\Android\Android Studio\jbr\bin\net.dll
0x00007ffdd6f60000 - 0x00007ffdd706c000 	C:\WINDOWS\SYSTEM32\WINHTTP.dll
0x00007ffddf760000 - 0x00007ffddf7ca000 	C:\WINDOWS\system32\mswsock.dll
0x00007ffdd7090000 - 0x00007ffdd70a6000 	C:\Program Files\Android\Android Studio\jbr\bin\nio.dll
0x00007ffddfd10000 - 0x00007ffddfd28000 	C:\WINDOWS\SYSTEM32\CRYPTSP.dll
0x00007ffddf100000 - 0x00007ffddf134000 	C:\WINDOWS\system32\rsaenh.dll
0x00007ffde09f0000 - 0x00007ffde0a17000 	C:\WINDOWS\System32\bcrypt.dll
0x00007ffddffe0000 - 0x00007ffde000e000 	C:\WINDOWS\SYSTEM32\USERENV.dll
0x00007ffddf8f0000 - 0x00007ffddf8fc000 	C:\WINDOWS\SYSTEM32\CRYPTBASE.dll
0x00007ffddf470000 - 0x00007ffddf4ab000 	C:\WINDOWS\SYSTEM32\IPHLPAPI.DLL
0x00007ffde1630000 - 0x00007ffde1638000 	C:\WINDOWS\System32\NSI.dll
0x00007ffdd9f50000 - 0x00007ffdd9f67000 	C:\WINDOWS\SYSTEM32\dhcpcsvc6.DLL
0x00007ffdda0b0000 - 0x00007ffdda0cd000 	C:\WINDOWS\SYSTEM32\dhcpcsvc.DLL
0x00007ffddf4b0000 - 0x00007ffddf57b000 	C:\WINDOWS\SYSTEM32\DNSAPI.dll
0x00007ffdd7080000 - 0x00007ffdd7087000 	C:\WINDOWS\system32\wshunix.dll

dbghelp: loaded successfully - version: 4.0.5 - missing functions: none
symbol engine: initialized successfully - sym options: 0x614 - pdb path: .;C:\Program Files\Android\Android Studio\jbr\bin;C:\WINDOWS\SYSTEM32;C:\WINDOWS\WinSxS\amd64_microsoft.windows.common-controls_6595b64144ccf1df_6.0.19041.1110_none_60b5254171f9507e;C:\Program Files\Android\Android Studio\jbr\bin\server

VM Arguments:
java_command: git4idea.http.GitAskPassApp Username for 'https://github.com': 
java_class_path (initial): C:/Program Files/Android/Android Studio/plugins/vcs-git/lib/git4idea-rt.jar;C:/Program Files/Android/Android Studio/lib/externalProcess-rt.jar
Launcher Type: SUN_STANDARD

[Global flags]
     intx CICompilerCount                          = 3                                         {product} {ergonomic}
     uint ConcGCThreads                            = 1                                         {product} {ergonomic}
     uint G1ConcRefinementThreads                  = 4                                         {product} {ergonomic}
   size_t G1HeapRegionSize                         = 1048576                                   {product} {ergonomic}
    uintx GCDrainStackTargetSize                   = 64                                        {product} {ergonomic}
   size_t InitialHeapSize                          = 134217728                                 {product} {ergonomic}
   size_t MarkStackSize                            = 4194304                                   {product} {ergonomic}
   size_t MaxHeapSize                              = 2116026368                                {product} {ergonomic}
   size_t MaxNewSize                               = 1268776960                                {product} {ergonomic}
   size_t MinHeapDeltaBytes                        = 1048576                                   {product} {ergonomic}
   size_t MinHeapSize                              = 8388608                                   {product} {ergonomic}
    uintx NonNMethodCodeHeapSize                   = 5832780                                {pd product} {ergonomic}
    uintx NonProfiledCodeHeapSize                  = 122912730                              {pd product} {ergonomic}
    uintx ProfiledCodeHeapSize                     = 122912730                              {pd product} {ergonomic}
    uintx ReservedCodeCacheSize                    = 251658240                              {pd product} {ergonomic}
     bool SegmentedCodeCache                       = true                                      {product} {ergonomic}
   size_t SoftMaxHeapSize                          = 2116026368                             {manageable} {ergonomic}
     bool UseCompressedClassPointers               = true                           {product lp64_product} {ergonomic}
     bool UseCompressedOops                        = true                           {product lp64_product} {ergonomic}
     bool UseG1GC                                  = true                                      {product} {ergonomic}
     bool UseLargePagesIndividualAllocation        = false                                  {pd product} {ergonomic}

Logging:
Log output configuration:
 #0: stdout all=warning uptime,level,tags
 #1: stderr all=off uptime,level,tags

Environment Variables:
JAVA_HOME=C:\Program Files\Microsoft\jdk-17.0.8.7-hotspot\
PATH=E:\Git\mingw64\libexec\git-core;E:\Git\mingw64\libexec\git-core;E:\Git\mingw64\bin;E:\Git\usr\bin;C:\Users\Lenovo\bin;C:\Program Files\Microsoft\jdk-17.0.8.7-hotspot\bin;C:\Windows\System32\wbem;C:\Program Files\mingw-w64\x86_64-8.1.0-posix-seh-rt_v6-rev0\mingw64\bin;E:\nodejs;E:\python3;C:\Program Files (x86)\Google\Google Apps Sync;C:\Program Files (x86)\Google\Google Apps Migration;E:\Git\cmd;E:\Git\mingw64\bin;E:\Git\usr\bin;C:\Windows\System32;C:\ProgramData\chocolatey\bin;C:\Users\Lenovo\AppData\Local\Android\Sdk;C:\Program Files\Android\Android Studio;E:\nodejs;E:\android\platform-tools;C:\Users\Lenovo\AppData\Local\Android\Sdk\platform-tools;E:\Python\Scripts;E:\Python;C:\Program Files\mingw-w64\x86_64-8.1.0-posix-seh-rt_v6-rev0\mingw64\bin;E:\VS CODE\Microsoft VS Code\bin;E:\nodejs;C:\Users\Lenovo\AppData\Roaming\npm;E:\Python\Scripts;E:\python3;C:\Windows\System32;C:\Users\Lenovo\AppData\Local\Android\Sdk;C:\Program Files\Android\Android Studio;C:\Users\Lenovo\AppData\Roaming\npm;E:\android\platform-tools;C:\Users\Lenovo\AppData\Local\Android\Sdk\platform-tools;C:\Users\Lenovo\AppData\Local\Android\Sdk\emulator;C:\Users\Lenovo\AppData\Local\Android\Sdk\tools;C:\Users\Lenovo\AppData\Local\Android\Sdk\tools\bin
USERNAME=Lenovo
DISPLAY=:0.0
LC_ALL=en_US.UTF-8
TERM=xterm-256color
TMPDIR=C:\Users\Lenovo\AppData\Local\Temp
OS=Windows_NT
PROCESSOR_IDENTIFIER=Intel64 Family 6 Model 78 Stepping 3, GenuineIntel
TMP=C:\Users\Lenovo\AppData\Local\Temp
TEMP=C:\Users\Lenovo\AppData\Local\Temp


JNI global refs:
JNI global refs: 18, weak refs: 0

JNI global refs memory usage: 843, weak refs: 209

OOME stack traces (most recent first):
Classloader memory used:
Loader bootstrap                                                                       : 1518K
Loader jdk.internal.loader.ClassLoaders$PlatformClassLoader                            : 72359B
Loader jdk.internal.loader.ClassLoaders$AppClassLoader                                 : 1610B


---------------  S Y S T E M  ---------------

OS:
 Windows 10 , 64 bit Build 19041 (10.0.19041.1503)
OS uptime: 0 days 5:10 hours
Hyper-V role detected

CPU: total 4 (initial active 4) (2 cores per cpu, 2 threads per core) family 6 model 78 stepping 3 microcode 0xcc, cx8, cmov, fxsr, ht, mmx, 3dnowpref, sse, sse2, sse3, ssse3, sse4.1, sse4.2, popcnt, lzcnt, tsc, tscinvbit, avx, avx2, aes, erms, clmul, bmi1, bmi2, adx, fma, vzeroupper, clflush, clflushopt, hv

Memory: 4k page, system-wide physical 8066M (704M free)
TotalPageFile size 10114M (AvailPageFile size 4M)
current process WorkingSet (physical memory assigned to process): 54M, peak: 54M
current process commit charge ("private bytes"): 208M, peak: 208M

vm_info: OpenJDK 64-Bit Server VM (17.0.7+0-b2043.56-10550314) for windows-amd64 JRE (17.0.7+0-b2043.56-10550314), built on Jul 24 2023 18:27:45 by "androidbuild" with MS VC++ 16.10 / 16.11 (VS2019)

END.
